{"numTotalTestSuites":28,"numPassedTestSuites":11,"numFailedTestSuites":17,"numPendingTestSuites":0,"numTotalTests":28,"numPassedTests":18,"numFailedTests":10,"numPendingTests":0,"numTodoTests":0,"snapshot":{"added":0,"failure":false,"filesAdded":0,"filesRemoved":0,"filesRemovedList":[],"filesUnmatched":0,"filesUpdated":0,"matched":0,"total":0,"unchecked":0,"uncheckedKeysByFile":[],"unmatched":0,"updated":0,"didUpdate":false},"startTime":1773489173752,"success":false,"testResults":[{"assertionResults":[],"startTime":1773489173752,"endTime":1773489173752,"status":"failed","message":"Transform failed with 1 error:\n/opt/cortexbuild-pro/tests/example.vitest.test.tsx:10:24: ERROR: Expected \"{\" but found \"count\"","name":"/opt/cortexbuild-pro/tests/example.vitest.test.tsx"},{"assertionResults":[{"ancestorTitles":["System Health Check"],"fullName":"System Health Check should have a working test runner","status":"passed","title":"should have a working test runner","duration":1.4282180000000153,"failureMessages":[],"location":{"line":4,"column":5},"meta":{},"tags":[]},{"ancestorTitles":["System Health Check"],"fullName":"System Health Check should be able to perform basic math","status":"passed","title":"should be able to perform basic math","duration":0.19082000000003063,"failureMessages":[],"location":{"line":8,"column":5},"meta":{},"tags":[]}],"startTime":1773489176189,"endTime":1773489176190.4282,"status":"passed","message":"","name":"/opt/cortexbuild-pro/tests/setup.test.ts"},{"assertionResults":[],"startTime":1773489173752,"endTime":1773489173752,"status":"failed","message":"jest is not defined","name":"/opt/cortexbuild-pro/tests/components/EnhancedProjectCard.test.tsx"},{"assertionResults":[],"startTime":1773489173752,"endTime":1773489173752,"status":"failed","message":"jest is not defined","name":"/opt/cortexbuild-pro/tests/components/Sidebar.test.tsx"},{"assertionResults":[{"ancestorTitles":["nextjs_space/lib/ai-service"],"fullName":"nextjs_space/lib/ai-service falls back to Gemini when AI_PROVIDER is invalid but Gemini key exists","status":"failed","title":"falls back to Gemini when AI_PROVIDER is invalid but Gemini key exists","duration":1.8266670000000431,"failureMessages":["ReferenceError: jest is not defined\n    at /opt/cortexbuild-pro/tests/services/ai-service.test.ts:7:5\n    at file:///opt/cortexbuild-pro/node_modules/@vitest/runner/dist/index.js:296:11\n    at wrapper (file:///opt/cortexbuild-pro/node_modules/@vitest/runner/dist/index.js:655:10)\n    at file:///opt/cortexbuild-pro/node_modules/@vitest/runner/dist/index.js:1660:20\n    at new Promise (<anonymous>)\n    at runWithTimeout (file:///opt/cortexbuild-pro/node_modules/@vitest/runner/dist/index.js:1627:10)\n    at file:///opt/cortexbuild-pro/node_modules/@vitest/runner/dist/index.js:1975:52\n    at run (file:///opt/cortexbuild-pro/node_modules/@vitest/runner/dist/chunk-tasks.js:276:20)\n    at limiterFn (file:///opt/cortexbuild-pro/node_modules/@vitest/runner/dist/chunk-tasks.js:288:59)\n    at runHook (file:///opt/cortexbuild-pro/node_modules/@vitest/runner/dist/index.js:1974:10)"],"location":{"line":15,"column":3},"meta":{},"tags":[]},{"ancestorTitles":["nextjs_space/lib/ai-service"],"fullName":"nextjs_space/lib/ai-service sends Gemini systemInstruction when system messages are provided","status":"failed","title":"sends Gemini systemInstruction when system messages are provided","duration":0.45135800000002746,"failureMessages":["ReferenceError: jest is not defined\n    at /opt/cortexbuild-pro/tests/services/ai-service.test.ts:7:5\n    at file:///opt/cortexbuild-pro/node_modules/@vitest/runner/dist/index.js:296:11\n    at wrapper (file:///opt/cortexbuild-pro/node_modules/@vitest/runner/dist/index.js:655:10)\n    at file:///opt/cortexbuild-pro/node_modules/@vitest/runner/dist/index.js:1660:20\n    at new Promise (<anonymous>)\n    at runWithTimeout (file:///opt/cortexbuild-pro/node_modules/@vitest/runner/dist/index.js:1627:10)\n    at file:///opt/cortexbuild-pro/node_modules/@vitest/runner/dist/index.js:1975:52\n    at run (file:///opt/cortexbuild-pro/node_modules/@vitest/runner/dist/chunk-tasks.js:276:20)\n    at limiterFn (file:///opt/cortexbuild-pro/node_modules/@vitest/runner/dist/chunk-tasks.js:288:59)\n    at runHook (file:///opt/cortexbuild-pro/node_modules/@vitest/runner/dist/index.js:1974:10)"],"location":{"line":40,"column":3},"meta":{},"tags":[]},{"ancestorTitles":["nextjs_space/lib/ai-service"],"fullName":"nextjs_space/lib/ai-service reports gemini as active provider when abacus key is missing","status":"failed","title":"reports gemini as active provider when abacus key is missing","duration":0.5824189999998453,"failureMessages":["ReferenceError: jest is not defined\n    at /opt/cortexbuild-pro/tests/services/ai-service.test.ts:7:5\n    at file:///opt/cortexbuild-pro/node_modules/@vitest/runner/dist/index.js:296:11\n    at wrapper (file:///opt/cortexbuild-pro/node_modules/@vitest/runner/dist/index.js:655:10)\n    at file:///opt/cortexbuild-pro/node_modules/@vitest/runner/dist/index.js:1660:20\n    at new Promise (<anonymous>)\n    at runWithTimeout (file:///opt/cortexbuild-pro/node_modules/@vitest/runner/dist/index.js:1627:10)\n    at file:///opt/cortexbuild-pro/node_modules/@vitest/runner/dist/index.js:1975:52\n    at run (file:///opt/cortexbuild-pro/node_modules/@vitest/runner/dist/chunk-tasks.js:276:20)\n    at limiterFn (file:///opt/cortexbuild-pro/node_modules/@vitest/runner/dist/chunk-tasks.js:288:59)\n    at runHook (file:///opt/cortexbuild-pro/node_modules/@vitest/runner/dist/index.js:1974:10)"],"location":{"line":69,"column":3},"meta":{},"tags":[]}],"startTime":1773489175215,"endTime":1773489175218.5825,"status":"failed","message":"","name":"/opt/cortexbuild-pro/tests/services/ai-service.test.ts"},{"assertionResults":[],"startTime":1773489173752,"endTime":1773489173752,"status":"failed","message":"jest is not defined","name":"/opt/cortexbuild-pro/tests/services/db.test.ts"},{"assertionResults":[],"startTime":1773489173752,"endTime":1773489173752,"status":"failed","message":"jest is not defined","name":"/opt/cortexbuild-pro/tests/views/DashboardView.test.tsx"},{"assertionResults":[{"ancestorTitles":["API Connectivity Tests","Environment Configuration"],"fullName":"API Connectivity Tests Environment Configuration should have VITE_API_URL defined","status":"failed","title":"should have VITE_API_URL defined","duration":3.679151000000047,"failureMessages":["AssertionError: expected undefined to be defined\n    at /opt/cortexbuild-pro/src/services/__tests__/api-connectivity.test.ts:15:50\n    at file:///opt/cortexbuild-pro/node_modules/@vitest/runner/dist/index.js:296:11\n    at file:///opt/cortexbuild-pro/node_modules/@vitest/runner/dist/index.js:1258:26\n    at file:///opt/cortexbuild-pro/node_modules/@vitest/runner/dist/index.js:1681:20\n    at new Promise (<anonymous>)\n    at runWithCancel (file:///opt/cortexbuild-pro/node_modules/@vitest/runner/dist/index.js:1678:10)\n    at file:///opt/cortexbuild-pro/node_modules/@vitest/runner/dist/index.js:1660:20\n    at new Promise (<anonymous>)\n    at runWithTimeout (file:///opt/cortexbuild-pro/node_modules/@vitest/runner/dist/index.js:1627:10)\n    at file:///opt/cortexbuild-pro/node_modules/@vitest/runner/dist/index.js:2309:64"],"location":{"line":14,"column":9},"meta":{},"tags":[]},{"ancestorTitles":["API Connectivity Tests","Environment Configuration"],"fullName":"API Connectivity Tests Environment Configuration should have a valid API URL format","status":"passed","title":"should have a valid API URL format","duration":0.4544989999999416,"failureMessages":[],"location":{"line":18,"column":9},"meta":{},"tags":[]},{"ancestorTitles":["API Connectivity Tests","Health Check Endpoint"],"fullName":"API Connectivity Tests Health Check Endpoint should respond to health check","status":"failed","title":"should respond to health check","duration":49.220996000000014,"failureMessages":["AxiosError: Network Error\n    at XMLHttpRequest.handleError (file:///opt/cortexbuild-pro/node_modules/axios/lib/adapters/xhr.js:112:20)\n    at XMLHttpRequest.invokeTheCallbackFunction (/opt/cortexbuild-pro/node_modules/jsdom/lib/generated/idl/EventHandlerNonNull.js:14:28)\n    at XMLHttpRequest.<anonymous> (/opt/cortexbuild-pro/node_modules/jsdom/lib/jsdom/living/helpers/create-event-accessor.js:57:32)\n    at innerInvokeEventListeners (/opt/cortexbuild-pro/node_modules/jsdom/lib/jsdom/living/events/EventTarget-impl.js:360:16)\n    at invokeEventListeners (/opt/cortexbuild-pro/node_modules/jsdom/lib/jsdom/living/events/EventTarget-impl.js:296:3)\n    at XMLHttpRequestImpl._dispatch (/opt/cortexbuild-pro/node_modules/jsdom/lib/jsdom/living/events/EventTarget-impl.js:243:9)\n    at fireAnEvent (/opt/cortexbuild-pro/node_modules/jsdom/lib/jsdom/living/helpers/events.js:18:36)\n    at requestErrorSteps (/opt/cortexbuild-pro/node_modules/jsdom/lib/jsdom/living/xhr/XMLHttpRequest-impl.js:127:3)\n    at dispatchError (/opt/cortexbuild-pro/node_modules/jsdom/lib/jsdom/living/xhr/XMLHttpRequest-impl.js:101:3)\n    at /opt/cortexbuild-pro/node_modules/jsdom/lib/jsdom/living/xhr/XMLHttpRequest-impl.js:722:13\n    at Axios.request (file:///opt/cortexbuild-pro/node_modules/axios/lib/core/Axios.js:46:41)\n    at processTicksAndRejections (node:internal/process/task_queues:95:5)\n    at /opt/cortexbuild-pro/src/services/__tests__/api-connectivity.test.ts:26:34\n    at file:///opt/cortexbuild-pro/node_modules/@vitest/runner/dist/index.js:1258:20"],"location":{"line":24,"column":9},"meta":{},"tags":[]},{"ancestorTitles":["API Connectivity Tests","CORS Configuration"],"fullName":"API Connectivity Tests CORS Configuration should allow cross-origin requests","status":"passed","title":"should allow cross-origin requests","duration":15.771657000000005,"failureMessages":[],"location":{"line":46,"column":9},"meta":{},"tags":[]},{"ancestorTitles":["API Connectivity Tests","Authentication Endpoints"],"fullName":"API Connectivity Tests Authentication Endpoints should reject requests without authentication","status":"passed","title":"should reject requests without authentication","duration":19.776519000000008,"failureMessages":[],"location":{"line":73,"column":9},"meta":{},"tags":[]},{"ancestorTitles":["API Connectivity Tests","Authentication Endpoints"],"fullName":"API Connectivity Tests Authentication Endpoints should have login endpoint","status":"passed","title":"should have login endpoint","duration":42.54557200000022,"failureMessages":[],"location":{"line":91,"column":9},"meta":{},"tags":[]},{"ancestorTitles":["API Connectivity Tests","Error Handling"],"fullName":"API Connectivity Tests Error Handling should handle 404 errors gracefully","status":"failed","title":"should handle 404 errors gracefully","duration":12.84342300000003,"failureMessages":["AssertionError: expected 401 to be 404 // Object.is equality\n    at /opt/cortexbuild-pro/src/services/__tests__/api-connectivity.test.ts:129:56\n    at processTicksAndRejections (node:internal/process/task_queues:95:5)\n    at file:///opt/cortexbuild-pro/node_modules/@vitest/runner/dist/index.js:1258:20"],"location":{"line":117,"column":9},"meta":{},"tags":[]},{"ancestorTitles":["API Connectivity Tests","Error Handling"],"fullName":"API Connectivity Tests Error Handling should timeout on slow requests","status":"passed","title":"should timeout on slow requests","duration":8.77839199999994,"failureMessages":[],"location":{"line":135,"column":9},"meta":{},"tags":[]},{"ancestorTitles":["API Connectivity Tests","Response Format"],"fullName":"API Connectivity Tests Response Format should return JSON responses","status":"failed","title":"should return JSON responses","duration":11.01657699999987,"failureMessages":["AxiosError: Network Error\n    at XMLHttpRequest.handleError (file:///opt/cortexbuild-pro/node_modules/axios/lib/adapters/xhr.js:112:20)\n    at XMLHttpRequest.invokeTheCallbackFunction (/opt/cortexbuild-pro/node_modules/jsdom/lib/generated/idl/EventHandlerNonNull.js:14:28)\n    at XMLHttpRequest.<anonymous> (/opt/cortexbuild-pro/node_modules/jsdom/lib/jsdom/living/helpers/create-event-accessor.js:57:32)\n    at innerInvokeEventListeners (/opt/cortexbuild-pro/node_modules/jsdom/lib/jsdom/living/events/EventTarget-impl.js:360:16)\n    at invokeEventListeners (/opt/cortexbuild-pro/node_modules/jsdom/lib/jsdom/living/events/EventTarget-impl.js:296:3)\n    at XMLHttpRequestImpl._dispatch (/opt/cortexbuild-pro/node_modules/jsdom/lib/jsdom/living/events/EventTarget-impl.js:243:9)\n    at fireAnEvent (/opt/cortexbuild-pro/node_modules/jsdom/lib/jsdom/living/helpers/events.js:18:36)\n    at requestErrorSteps (/opt/cortexbuild-pro/node_modules/jsdom/lib/jsdom/living/xhr/XMLHttpRequest-impl.js:127:3)\n    at dispatchError (/opt/cortexbuild-pro/node_modules/jsdom/lib/jsdom/living/xhr/XMLHttpRequest-impl.js:101:3)\n    at /opt/cortexbuild-pro/node_modules/jsdom/lib/jsdom/living/xhr/XMLHttpRequest-impl.js:722:13\n    at Axios.request (file:///opt/cortexbuild-pro/node_modules/axios/lib/core/Axios.js:46:41)\n    at processTicksAndRejections (node:internal/process/task_queues:95:5)\n    at /opt/cortexbuild-pro/src/services/__tests__/api-connectivity.test.ts:153:34\n    at file:///opt/cortexbuild-pro/node_modules/@vitest/runner/dist/index.js:1258:20"],"location":{"line":151,"column":9},"meta":{},"tags":[]},{"ancestorTitles":["Construction API Endpoints"],"fullName":"Construction API Endpoints should have /construction/inspections endpoint","status":"passed","title":"should have /construction/inspections endpoint","duration":6.013116999999966,"failureMessages":[],"location":{"line":180,"column":9},"meta":{},"tags":[]},{"ancestorTitles":["Construction API Endpoints"],"fullName":"Construction API Endpoints should have /construction/change-orders endpoint","status":"passed","title":"should have /construction/change-orders endpoint","duration":4.939501000000064,"failureMessages":[],"location":{"line":180,"column":9},"meta":{},"tags":[]},{"ancestorTitles":["Construction API Endpoints"],"fullName":"Construction API Endpoints should have /construction/submittals endpoint","status":"passed","title":"should have /construction/submittals endpoint","duration":8.870771000000104,"failureMessages":[],"location":{"line":180,"column":9},"meta":{},"tags":[]},{"ancestorTitles":["Construction API Endpoints"],"fullName":"Construction API Endpoints should have /construction/materials/inventory endpoint","status":"passed","title":"should have /construction/materials/inventory endpoint","duration":6.604086000000052,"failureMessages":[],"location":{"line":180,"column":9},"meta":{},"tags":[]}],"startTime":1773489175058,"endTime":1773489175249.604,"status":"failed","message":"","name":"/opt/cortexbuild-pro/src/services/__tests__/api-connectivity.test.ts"},{"assertionResults":[{"ancestorTitles":["exportUtils","exportToCSV"],"fullName":"exportUtils exportToCSV should generate CSV with correct headers","status":"failed","title":"should generate CSV with correct headers","duration":1.6164570000000822,"failureMessages":["ReferenceError: jest is not defined\n    at /opt/cortexbuild-pro/src/utils/__tests__/exportUtils.test.ts:19:38\n    at file:///opt/cortexbuild-pro/node_modules/@vitest/runner/dist/index.js:296:11\n    at file:///opt/cortexbuild-pro/node_modules/@vitest/runner/dist/index.js:1258:26\n    at file:///opt/cortexbuild-pro/node_modules/@vitest/runner/dist/index.js:1681:20\n    at new Promise (<anonymous>)\n    at runWithCancel (file:///opt/cortexbuild-pro/node_modules/@vitest/runner/dist/index.js:1678:10)\n    at file:///opt/cortexbuild-pro/node_modules/@vitest/runner/dist/index.js:1660:20\n    at new Promise (<anonymous>)\n    at runWithTimeout (file:///opt/cortexbuild-pro/node_modules/@vitest/runner/dist/index.js:1627:10)\n    at file:///opt/cortexbuild-pro/node_modules/@vitest/runner/dist/index.js:2309:64"],"location":{"line":6,"column":9},"meta":{},"tags":[]},{"ancestorTitles":["exportUtils","exportToCSV"],"fullName":"exportUtils exportToCSV should handle custom formatters","status":"failed","title":"should handle custom formatters","duration":0.3593879999999672,"failureMessages":["ReferenceError: jest is not defined\n    at /opt/cortexbuild-pro/src/utils/__tests__/exportUtils.test.ts:50:38\n    at file:///opt/cortexbuild-pro/node_modules/@vitest/runner/dist/index.js:296:11\n    at file:///opt/cortexbuild-pro/node_modules/@vitest/runner/dist/index.js:1258:26\n    at file:///opt/cortexbuild-pro/node_modules/@vitest/runner/dist/index.js:1681:20\n    at new Promise (<anonymous>)\n    at runWithCancel (file:///opt/cortexbuild-pro/node_modules/@vitest/runner/dist/index.js:1678:10)\n    at file:///opt/cortexbuild-pro/node_modules/@vitest/runner/dist/index.js:1660:20\n    at new Promise (<anonymous>)\n    at runWithTimeout (file:///opt/cortexbuild-pro/node_modules/@vitest/runner/dist/index.js:1627:10)\n    at file:///opt/cortexbuild-pro/node_modules/@vitest/runner/dist/index.js:2309:64"],"location":{"line":34,"column":9},"meta":{},"tags":[]},{"ancestorTitles":["exportUtils","exportToJSON"],"fullName":"exportUtils exportToJSON should create JSON download","status":"failed","title":"should create JSON download","duration":0.5878390000000309,"failureMessages":["ReferenceError: jest is not defined\n    at /opt/cortexbuild-pro/src/utils/__tests__/exportUtils.test.ts:61:38\n    at file:///opt/cortexbuild-pro/node_modules/@vitest/runner/dist/index.js:296:11\n    at file:///opt/cortexbuild-pro/node_modules/@vitest/runner/dist/index.js:1258:26\n    at file:///opt/cortexbuild-pro/node_modules/@vitest/runner/dist/index.js:1681:20\n    at new Promise (<anonymous>)\n    at runWithCancel (file:///opt/cortexbuild-pro/node_modules/@vitest/runner/dist/index.js:1678:10)\n    at file:///opt/cortexbuild-pro/node_modules/@vitest/runner/dist/index.js:1660:20\n    at new Promise (<anonymous>)\n    at runWithTimeout (file:///opt/cortexbuild-pro/node_modules/@vitest/runner/dist/index.js:1627:10)\n    at file:///opt/cortexbuild-pro/node_modules/@vitest/runner/dist/index.js:2309:64"],"location":{"line":58,"column":9},"meta":{},"tags":[]}],"startTime":1773489175963,"endTime":1773489175965.588,"status":"failed","message":"","name":"/opt/cortexbuild-pro/src/utils/__tests__/exportUtils.test.ts"},{"assertionResults":[{"ancestorTitles":["filterUtils","applyFilter"],"fullName":"filterUtils applyFilter should filter with equals operator","status":"passed","title":"should filter with equals operator","duration":1.7400069999999914,"failureMessages":[],"location":{"line":12,"column":9},"meta":{},"tags":[]},{"ancestorTitles":["filterUtils","applyFilter"],"fullName":"filterUtils applyFilter should filter with contains operator","status":"passed","title":"should filter with contains operator","duration":0.31338899999991554,"failureMessages":[],"location":{"line":21,"column":9},"meta":{},"tags":[]},{"ancestorTitles":["filterUtils","applyFilter"],"fullName":"filterUtils applyFilter should filter with greaterThan operator","status":"passed","title":"should filter with greaterThan operator","duration":0.4002890000000434,"failureMessages":[],"location":{"line":30,"column":9},"meta":{},"tags":[]},{"ancestorTitles":["filterUtils","applyFilters"],"fullName":"filterUtils applyFilters should apply multiple filters","status":"passed","title":"should apply multiple filters","duration":1.3984970000000203,"failureMessages":[],"location":{"line":41,"column":9},"meta":{},"tags":[]},{"ancestorTitles":["filterUtils","applySort"],"fullName":"filterUtils applySort should sort ascending","status":"passed","title":"should sort ascending","duration":0.39853900000002795,"failureMessages":[],"location":{"line":53,"column":9},"meta":{},"tags":[]},{"ancestorTitles":["filterUtils","applySort"],"fullName":"filterUtils applySort should sort descending","status":"passed","title":"should sort descending","duration":0.2932090000000471,"failureMessages":[],"location":{"line":59,"column":9},"meta":{},"tags":[]},{"ancestorTitles":["filterUtils","processTableData"],"fullName":"filterUtils processTableData should filter, sort, and paginate","status":"passed","title":"should filter, sort, and paginate","duration":0.37491800000009334,"failureMessages":[],"location":{"line":67,"column":9},"meta":{},"tags":[]}],"startTime":1773489176045,"endTime":1773489176050.3984,"status":"passed","message":"","name":"/opt/cortexbuild-pro/src/utils/__tests__/filterUtils.test.ts"}]}